Main.main(Main.java:17) 2017-04-22 15:50:59 DEBUG [main]  - info debug
Main.main(Main.java:18) 2017-04-22 15:50:59 INFO  [main]  - info info
Main.main(Main.java:19) 2017-04-22 15:50:59 WARN  [main]  - info warn
Main.main(Main.java:20) 2017-04-22 15:50:59 ERROR [main]  - info error
Main.main(Main.java:21) 2017-04-22 15:50:59 FATAL [main]  - info fatal
Main.main(Main.java:17) 2017-04-22 15:51:08 DEBUG [main]  - info debug
Main.main(Main.java:18) 2017-04-22 15:51:08 INFO  [main]  - info info
Main.main(Main.java:19) 2017-04-22 15:51:08 WARN  [main]  - info warn
Main.main(Main.java:20) 2017-04-22 15:51:08 ERROR [main]  - info error
Main.main(Main.java:21) 2017-04-22 15:51:08 FATAL [main]  - info fatal
Main.main(Main.java:19) 2017-04-22 15:54:02 DEBUG [main]  - info debug
Main.main(Main.java:20) 2017-04-22 15:54:02 INFO  [main]  - info info
Main.main(Main.java:21) 2017-04-22 15:54:02 WARN  [main]  - info warn
Main.main(Main.java:22) 2017-04-22 15:54:02 ERROR [main]  - info error
Main.main(Main.java:23) 2017-04-22 15:54:02 FATAL [main]  - info fatal
Main.main(Main.java:17) 2017-04-22 15:54:09 DEBUG [main]  - info debug
Main.main(Main.java:18) 2017-04-22 15:54:09 INFO  [main]  - info info
Main.main(Main.java:19) 2017-04-22 15:54:09 WARN  [main]  - info warn
Main.main(Main.java:20) 2017-04-22 15:54:09 ERROR [main]  - info error
Main.main(Main.java:21) 2017-04-22 15:54:09 FATAL [main]  - info fatal
