Main.main(Main.java:19) 2017-04-17 11:28:42 DEBUG [main]  - info debug
Main.main(Main.java:20) 2017-04-17 11:28:42 INFO  [main]  - info info
Main.main(Main.java:21) 2017-04-17 11:28:42 WARN  [main]  - info warn
Main.main(Main.java:22) 2017-04-17 11:28:42 ERROR [main]  - info error
Main.main(Main.java:23) 2017-04-17 11:28:42 FATAL [main]  - info fatal
Main.main(Main.java:19) 2017-04-17 11:28:57 DEBUG [main]  - info debug
Main.main(Main.java:20) 2017-04-17 11:28:57 INFO  [main]  - info info
Main.main(Main.java:21) 2017-04-17 11:28:57 WARN  [main]  - info warn
Main.main(Main.java:22) 2017-04-17 11:28:57 ERROR [main]  - info error
Main.main(Main.java:23) 2017-04-17 11:28:57 FATAL [main]  - info fatal
Main.main(Main.java:19) 2017-04-17 11:31:12 DEBUG [main]  - info debug
Main.main(Main.java:20) 2017-04-17 11:31:12 INFO  [main]  - info info
Main.main(Main.java:21) 2017-04-17 11:31:12 WARN  [main]  - info warn
Main.main(Main.java:22) 2017-04-17 11:31:12 ERROR [main]  - info error
Main.main(Main.java:23) 2017-04-17 11:31:12 FATAL [main]  - info fatal
Main.main(Main.java:19) 2017-04-17 11:33:21 DEBUG [main]  - info debug
Main.main(Main.java:20) 2017-04-17 11:33:21 INFO  [main]  - info info
Main.main(Main.java:21) 2017-04-17 11:33:21 WARN  [main]  - info warn
Main.main(Main.java:22) 2017-04-17 11:33:21 ERROR [main]  - info error
Main.main(Main.java:23) 2017-04-17 11:33:21 FATAL [main]  - info fatal
Main.main(Main.java:19) 2017-04-17 11:33:49 DEBUG [main]  - info debug
Main.main(Main.java:20) 2017-04-17 11:33:49 INFO  [main]  - info info
Main.main(Main.java:21) 2017-04-17 11:33:49 WARN  [main]  - info warn
Main.main(Main.java:22) 2017-04-17 11:33:49 ERROR [main]  - info error
Main.main(Main.java:23) 2017-04-17 11:33:49 FATAL [main]  - info fatal
Main.main(Main.java:19) 2017-04-17 11:35:15 DEBUG [main]  - info debug
Main.main(Main.java:20) 2017-04-17 11:35:15 INFO  [main]  - info info
Main.main(Main.java:21) 2017-04-17 11:35:15 WARN  [main]  - info warn
Main.main(Main.java:22) 2017-04-17 11:35:15 ERROR [main]  - info error
Main.main(Main.java:23) 2017-04-17 11:35:15 FATAL [main]  - info fatal
Main.main(Main.java:19) 2017-04-17 11:40:31 DEBUG [main]  - info debug
Main.main(Main.java:20) 2017-04-17 11:40:31 INFO  [main]  - info info
Main.main(Main.java:21) 2017-04-17 11:40:31 WARN  [main]  - info warn
Main.main(Main.java:22) 2017-04-17 11:40:31 ERROR [main]  - info error
Main.main(Main.java:23) 2017-04-17 11:40:31 FATAL [main]  - info fatal
Main.main(Main.java:19) 2017-04-17 11:40:36 DEBUG [main]  - info debug
Main.main(Main.java:20) 2017-04-17 11:40:36 INFO  [main]  - info info
Main.main(Main.java:21) 2017-04-17 11:40:36 WARN  [main]  - info warn
Main.main(Main.java:22) 2017-04-17 11:40:36 ERROR [main]  - info error
Main.main(Main.java:23) 2017-04-17 11:40:36 FATAL [main]  - info fatal
Main.main(Main.java:19) 2017-04-17 13:53:48 DEBUG [main]  - info debug
Main.main(Main.java:20) 2017-04-17 13:53:48 INFO  [main]  - info info
Main.main(Main.java:21) 2017-04-17 13:53:48 WARN  [main]  - info warn
Main.main(Main.java:22) 2017-04-17 13:53:48 ERROR [main]  - info error
Main.main(Main.java:23) 2017-04-17 13:53:48 FATAL [main]  - info fatal
Main.main(Main.java:19) 2017-04-17 13:54:30 DEBUG [main]  - info debug
Main.main(Main.java:20) 2017-04-17 13:54:30 INFO  [main]  - info info
Main.main(Main.java:21) 2017-04-17 13:54:30 WARN  [main]  - info warn
Main.main(Main.java:22) 2017-04-17 13:54:30 ERROR [main]  - info error
Main.main(Main.java:23) 2017-04-17 13:54:30 FATAL [main]  - info fatal
Main.main(Main.java:19) 2017-04-17 13:55:24 DEBUG [main]  - info debug
Main.main(Main.java:20) 2017-04-17 13:55:24 INFO  [main]  - info info
Main.main(Main.java:21) 2017-04-17 13:55:24 WARN  [main]  - info warn
Main.main(Main.java:22) 2017-04-17 13:55:24 ERROR [main]  - info error
Main.main(Main.java:23) 2017-04-17 13:55:24 FATAL [main]  - info fatal
Main.main(Main.java:19) 2017-04-17 14:08:09 DEBUG [main]  - info debug
Main.main(Main.java:20) 2017-04-17 14:08:09 INFO  [main]  - info info
Main.main(Main.java:21) 2017-04-17 14:08:09 WARN  [main]  - info warn
Main.main(Main.java:22) 2017-04-17 14:08:09 ERROR [main]  - info error
Main.main(Main.java:23) 2017-04-17 14:08:09 FATAL [main]  - info fatal
Main.main(Main.java:19) 2017-04-17 14:08:17 DEBUG [main]  - info debug
Main.main(Main.java:20) 2017-04-17 14:08:17 INFO  [main]  - info info
Main.main(Main.java:21) 2017-04-17 14:08:17 WARN  [main]  - info warn
Main.main(Main.java:22) 2017-04-17 14:08:17 ERROR [main]  - info error
Main.main(Main.java:23) 2017-04-17 14:08:17 FATAL [main]  - info fatal
Main.main(Main.java:19) 2017-04-17 14:08:28 DEBUG [main]  - info debug
Main.main(Main.java:20) 2017-04-17 14:08:28 INFO  [main]  - info info
Main.main(Main.java:21) 2017-04-17 14:08:28 WARN  [main]  - info warn
Main.main(Main.java:22) 2017-04-17 14:08:28 ERROR [main]  - info error
Main.main(Main.java:23) 2017-04-17 14:08:28 FATAL [main]  - info fatal
Main.main(Main.java:19) 2017-04-17 14:12:05 DEBUG [main]  - info debug
Main.main(Main.java:20) 2017-04-17 14:12:05 INFO  [main]  - info info
Main.main(Main.java:21) 2017-04-17 14:12:05 WARN  [main]  - info warn
Main.main(Main.java:22) 2017-04-17 14:12:05 ERROR [main]  - info error
Main.main(Main.java:23) 2017-04-17 14:12:05 FATAL [main]  - info fatal
Main.main(Main.java:19) 2017-04-17 15:40:28 DEBUG [main]  - info debug
Main.main(Main.java:20) 2017-04-17 15:40:28 INFO  [main]  - info info
Main.main(Main.java:21) 2017-04-17 15:40:28 WARN  [main]  - info warn
Main.main(Main.java:22) 2017-04-17 15:40:28 ERROR [main]  - info error
Main.main(Main.java:23) 2017-04-17 15:40:28 FATAL [main]  - info fatal
Main.main(Main.java:19) 2017-04-17 15:40:48 DEBUG [main]  - info debug
Main.main(Main.java:20) 2017-04-17 15:40:48 INFO  [main]  - info info
Main.main(Main.java:21) 2017-04-17 15:40:48 WARN  [main]  - info warn
Main.main(Main.java:22) 2017-04-17 15:40:48 ERROR [main]  - info error
Main.main(Main.java:23) 2017-04-17 15:40:48 FATAL [main]  - info fatal
Main.main(Main.java:19) 2017-04-17 15:41:10 DEBUG [main]  - info debug
Main.main(Main.java:20) 2017-04-17 15:41:10 INFO  [main]  - info info
Main.main(Main.java:21) 2017-04-17 15:41:10 WARN  [main]  - info warn
Main.main(Main.java:22) 2017-04-17 15:41:10 ERROR [main]  - info error
Main.main(Main.java:23) 2017-04-17 15:41:10 FATAL [main]  - info fatal
Main.main(Main.java:19) 2017-04-17 17:17:34 DEBUG [main]  - info debug
Main.main(Main.java:20) 2017-04-17 17:17:34 INFO  [main]  - info info
Main.main(Main.java:21) 2017-04-17 17:17:34 WARN  [main]  - info warn
Main.main(Main.java:22) 2017-04-17 17:17:34 ERROR [main]  - info error
Main.main(Main.java:23) 2017-04-17 17:17:34 FATAL [main]  - info fatal
Main.main(Main.java:19) 2017-04-17 17:17:44 DEBUG [main]  - info debug
Main.main(Main.java:20) 2017-04-17 17:17:44 INFO  [main]  - info info
Main.main(Main.java:21) 2017-04-17 17:17:44 WARN  [main]  - info warn
Main.main(Main.java:22) 2017-04-17 17:17:44 ERROR [main]  - info error
Main.main(Main.java:23) 2017-04-17 17:17:44 FATAL [main]  - info fatal
Main.main(Main.java:17) 2017-04-17 17:18:37 DEBUG [main]  - info debug
Main.main(Main.java:18) 2017-04-17 17:18:37 INFO  [main]  - info info
Main.main(Main.java:19) 2017-04-17 17:18:37 WARN  [main]  - info warn
Main.main(Main.java:20) 2017-04-17 17:18:37 ERROR [main]  - info error
Main.main(Main.java:21) 2017-04-17 17:18:37 FATAL [main]  - info fatal
Main.main(Main.java:17) 2017-04-17 17:19:38 DEBUG [main]  - info debug
Main.main(Main.java:18) 2017-04-17 17:19:38 INFO  [main]  - info info
Main.main(Main.java:19) 2017-04-17 17:19:38 WARN  [main]  - info warn
Main.main(Main.java:20) 2017-04-17 17:19:38 ERROR [main]  - info error
Main.main(Main.java:21) 2017-04-17 17:19:38 FATAL [main]  - info fatal
Main.main(Main.java:17) 2017-04-17 17:21:39 DEBUG [main]  - info debug
Main.main(Main.java:18) 2017-04-17 17:21:39 INFO  [main]  - info info
Main.main(Main.java:19) 2017-04-17 17:21:39 WARN  [main]  - info warn
Main.main(Main.java:20) 2017-04-17 17:21:39 ERROR [main]  - info error
Main.main(Main.java:21) 2017-04-17 17:21:39 FATAL [main]  - info fatal
