info debug
info info
info warn
info error
info fatal
info debug
info info
info warn
info error
info fatal
info debug
info info
info warn
info error
info fatal
info debug
info info
info warn
info error
info fatal
info debug
info info
info warn
info error
info fatal
info debug
info info
info warn
info error
info fatal
info debug
info info
info warn
info error
info fatal
info debug
info info
info warn
info error
info fatal
info debug
info info
info warn
info error
info fatal
info debug
info info
info warn
info error
info fatal
info debug
info info
info warn
info error
info fatal
info debug
info info
info warn
info error
info fatal
info debug
info info
info warn
info error
info fatal
info debug
info info
info warn
info error
info fatal
info debug
info info
info warn
info error
info fatal
info debug
info info
info warn
info error
info fatal
info debug
info info
info warn
info error
info fatal
info debug
info info
info warn
info error
info fatal
info debug
info info
info warn
info error
info fatal
info debug
info info
info warn
info error
info fatal
info debug
info info
info warn
info error
info fatal
info debug
info info
info warn
info error
info fatal
info debug
info info
info warn
info error
info fatal
